[2m2026-02-24T17:05:57.042263Z[0m [32m INFO[0m [2mmarket_maker[0m[2m:[0m 🏦 AME Market Maker v2.0.0
[2m2026-02-24T17:05:57.042498Z[0m [32m INFO[0m [2mmarket_maker[0m[2m:[0m    Env: prod
[2m2026-02-24T17:05:57.042560Z[0m [32m INFO[0m [2mmarket_maker[0m[2m:[0m    Kalshi API: https://api.elections.kalshi.com/trade-api/v2
[2m2026-02-24T17:05:57.042600Z[0m [33m WARN[0m [2mmarket_maker[0m[2m:[0m    [LIVE] live Kalshi orders ENABLED
[2m2026-02-24T17:05:57.042610Z[0m [32m INFO[0m [2mmarket_maker[0m[2m:[0m    min_spread=5¢  min_net_spread=2¢  bid_offset=+1¢  ask_offset=-1¢  order_size=15  max_positions=3  daily_limit=$15.00
[2m2026-02-24T17:05:57.043278Z[0m [32m INFO[0m [2mmarket_maker[0m[2m:[0m [KALSHI] API key loaded
[2m2026-02-24T17:05:57.301776Z[0m [32m INFO[0m [2mmarket_maker[0m[2m:[0m [KALSHI] Balance: $168.08
[2m2026-02-24T17:05:57.301994Z[0m [32m INFO[0m [2mmarket_maker[0m[2m:[0m [TELEGRAM] Configured
[2m2026-02-24T17:05:57.302030Z[0m [32m INFO[0m [2mmarket_maker[0m[2m:[0m [MM] Discovering sports markets...
[2m2026-02-24T17:05:57.302054Z[0m [32m INFO[0m [2mmarket_maker[0m[2m:[0m [MM-DISC] Fetching 45 series in parallel (max 5 concurrent, 5s timeout each)
[2m2026-02-24T17:06:19.186047Z[0m [33m WARN[0m [2mmarket_maker[0m[2m:[0m [MM-DISC] Series KXUCLTOTAL timed out — skipping
[2m2026-02-24T17:06:36.762597Z[0m [33m WARN[0m [2mmarket_maker[0m[2m:[0m [MM-DISC] Series KXNCAAFSPREAD timed out — skipping
[2m2026-02-24T17:06:36.762710Z[0m [32m INFO[0m [2mmarket_maker[0m[2m:[0m [MM-DISC] Discovered 734 live markets (1343 fetched across 45 series)
[2m2026-02-24T17:06:36.763437Z[0m [32m INFO[0m [2mmarket_maker[0m[2m:[0m [MM] 15s warmup — waiting for order book snapshots
[2m2026-02-24T17:06:36.763503Z[0m [32m INFO[0m [2mmarket_maker[0m[2m:[0m [MM] Running. Press Ctrl+C to stop.
[2m2026-02-24T17:06:36.764663Z[0m [32m INFO[0m [2mmarket_maker[0m[2m:[0m [MM] HEARTBEAT | mode=live pnl=0.00 positions=0 trades=0 books=0 uptime=0s
[2m2026-02-24T17:06:36.932571Z[0m [32m INFO[0m [2mmarket_maker[0m[2m:[0m [MM-WS] Connected (734  tickers)
[2m2026-02-24T17:06:36.932998Z[0m [32m INFO[0m [2mmarket_maker[0m[2m:[0m [MM-WS] Subscribed to orderbook_delta + user_orders
[2m2026-02-24T17:06:36.989764Z[0m [32m INFO[0m [2mmarket_maker[0m[2m:[0m [MM-WS] Control msg: {"type":"subscribed","id":2,"msg":{"channel":"user_orders","sid":1}}

[2m2026-02-24T17:06:36.992844Z[0m [32m INFO[0m [2mmarket_maker[0m[2m:[0m [MM-WS] Control msg: {"type":"subscribed","id":1,"msg":{"channel":"orderbook_delta","sid":2}}

[2m2026-02-24T17:06:51.764540Z[0m [32m INFO[0m [2mmarket_maker[0m[2m:[0m [MM] Starting scan loop (2s cadence)
[2m2026-02-24T17:06:51.766148Z[0m [32m INFO[0m [2mame_bot::market_maker[0m[2m:[0m [MM-OPP] KXNBATOTAL-26FEB24GSWNOP-240 spread=7¢ score=17500 (boost=10.0x, active 14s ago)
[2m2026-02-24T17:06:51.811996Z[0m [32m INFO[0m [2mame_bot::market_maker[0m[2m:[0m [MM-QUOTE] KXNBATOTAL-26FEB24GSWNOP-240 YES | buy=23¢ sell=28¢ spread=7¢ size=15 | order_id=6c487956-fc0e-4133-9650-5dc983dc5ea6
[2m2026-02-24T17:06:51.812120Z[0m [32m INFO[0m [2mame_bot::market_maker[0m[2m:[0m [MM-OPP] KXNHLGAME-26FEB25VGKLA-LA spread=6¢ score=15000 (boost=10.0x, active 0s ago)
[2m2026-02-24T17:06:51.848616Z[0m [32m INFO[0m [2mame_bot::market_maker[0m[2m:[0m [MM-QUOTE] KXNHLGAME-26FEB25VGKLA-LA YES | buy=52¢ sell=56¢ spread=6¢ size=15 | order_id=8759f549-3c0c-4fd7-b6e0-bed284257b5b
[2m2026-02-24T17:06:51.848721Z[0m [32m INFO[0m [2mame_bot::market_maker[0m[2m:[0m [MM-OPP] KXNBASPREAD-26FEB24WASATL-ATL5 spread=5¢ score=4650 (boost=10.0x, active 14s ago)
[2m2026-02-24T17:06:51.890229Z[0m [32m INFO[0m [2mame_bot::market_maker[0m[2m:[0m [MM-QUOTE] KXNBASPREAD-26FEB24WASATL-ATL5 YES | buy=72¢ sell=75¢ spread=5¢ size=15 | order_id=91c71b0e-e909-46d6-8c82-d6fd49129347
[2m2026-02-24T17:06:51.890341Z[0m [32m INFO[0m [2mame_bot::market_maker[0m[2m:[0m [MM-OPP] KXSOL15M-26FEB241215-15 spread=5¢ score=1800 (boost=10.0x, active 0s ago)
[2m2026-02-24T17:06:51.890412Z[0m [32m INFO[0m [2mame_bot::market_maker[0m[2m:[0m [MM] Skipping KXSOL15M-26FEB241215-15 — exposure $31.20 would exceed $30.00 limit
[2m2026-02-24T17:06:51.890431Z[0m [32m INFO[0m [2mame_bot::market_maker[0m[2m:[0m [MM-OPP] KXSOL15M-26FEB241215-15 spread=5¢ score=1800 (boost=10.0x, active 0s ago)
[2m2026-02-24T17:06:51.937698Z[0m [32m INFO[0m [2mame_bot::market_maker[0m[2m:[0m [MM-QUOTE] KXSOL15M-26FEB241215-15 NO | buy=36¢ sell=39¢ spread=5¢ size=15 | order_id=b9f283e4-966f-4083-b26c-3f50898bfacc
[2m2026-02-24T17:06:51.937782Z[0m [32m INFO[0m [2mame_bot::market_maker[0m[2m:[0m [MM-OPP] KXEPLGAME-26MAR03BOUBRE-BRE spread=5¢ score=250 (boost=10.0x, active 2s ago)
[2m2026-02-24T17:06:51.937811Z[0m [32m INFO[0m [2mame_bot::market_maker[0m[2m:[0m [MM] Skipping KXEPLGAME-26MAR03BOUBRE-BRE — exposure $32.25 would exceed $30.00 limit
[2m2026-02-24T17:06:51.937827Z[0m [32m INFO[0m [2mame_bot::market_maker[0m[2m:[0m [MM-OPP] KXEPLGAME-26MAR03BOUBRE-BRE spread=5¢ score=250 (boost=10.0x, active 2s ago)
[2m2026-02-24T17:06:51.937840Z[0m [32m INFO[0m [2mame_bot::market_maker[0m[2m:[0m [MM] Skipping KXEPLGAME-26MAR03BOUBRE-BRE — exposure $37.20 would exceed $30.00 limit
[2m2026-02-24T17:06:53.767676Z[0m [32m INFO[0m [2mame_bot::market_maker[0m[2m:[0m [MM-OPP] KXEPLGAME-26MAR03BOUBRE-BRE spread=6¢ score=240 (boost=10.0x, active 1s ago)
[2m2026-02-24T17:06:53.767775Z[0m [32m INFO[0m [2mame_bot::market_maker[0m[2m:[0m [MM] Skipping KXEPLGAME-26MAR03BOUBRE-BRE — exposure $32.25 would exceed $30.00 limit
[2m2026-02-24T17:06:53.767839Z[0m [32m INFO[0m [2mame_bot::market_maker[0m[2m:[0m [MM-OPP] KXEPLGAME-26MAR03BOUBRE-BRE spread=6¢ score=240 (boost=10.0x, active 1s ago)
[2m2026-02-24T17:06:53.767868Z[0m [32m INFO[0m [2mame_bot::market_maker[0m[2m:[0m [MM] Skipping KXEPLGAME-26MAR03BOUBRE-BRE — exposure $37.05 would exceed $30.00 limit
[2m2026-02-24T17:06:55.767472Z[0m [32m INFO[0m [2mame_bot::market_maker[0m[2m:[0m [MM-OPP] KXETH15M-26FEB241215-15 spread=6¢ score=6000 (boost=10.0x, active 0s ago)
[2m2026-02-24T17:06:55.767567Z[0m [32m INFO[0m [2mame_bot::market_maker[0m[2m:[0m [MM] Skipping KXETH15M-26FEB241215-15 — exposure $37.95 would exceed $30.00 limit
[2m2026-02-24T17:06:55.767589Z[0m [32m INFO[0m [2mame_bot::market_maker[0m[2m:[0m [MM-OPP] KXETH15M-26FEB241215-15 spread=6¢ score=6000 (boost=10.0x, active 0s ago)
[2m2026-02-24T17:06:55.767602Z[0m [32m INFO[0m [2mame_bot::market_maker[0m[2m:[0m [MM] Skipping KXETH15M-26FEB241215-15 — exposure $31.35 would exceed $30.00 limit
[2m2026-02-24T17:06:55.767615Z[0m [32m INFO[0m [2mame_bot::market_maker[0m[2m:[0m [MM-OPP] KXEPLGAME-26MAR03BOUBRE-BRE spread=5¢ score=250 (boost=10.0x, active 1s ago)
[2m2026-02-24T17:06:55.767627Z[0m [32m INFO[0m [2mame_bot::market_maker[0m[2m:[0m [MM] Skipping KXEPLGAME-26MAR03BOUBRE-BRE — exposure $32.25 would exceed $30.00 limit
[2m2026-02-24T17:06:55.767639Z[0m [32m INFO[0m [2mame_bot::market_maker[0m[2m:[0m [MM-OPP] KXEPLGAME-26MAR03BOUBRE-BRE spread=5¢ score=250 (boost=10.0x, active 1s ago)
[2m2026-02-24T17:06:55.767649Z[0m [32m INFO[0m [2mame_bot::market_maker[0m[2m:[0m [MM] Skipping KXEPLGAME-26MAR03BOUBRE-BRE — exposure $37.20 would exceed $30.00 limit
[2m2026-02-24T17:06:57.765671Z[0m [32m INFO[0m [2mame_bot::market_maker[0m[2m:[0m [MM-OPP] KXETH15M-26FEB241215-15 spread=11¢ score=2200 (boost=10.0x, active 0s ago)
[2m2026-02-24T17:06:57.765773Z[0m [32m INFO[0m [2mame_bot::market_maker[0m[2m:[0m [MM] Skipping KXETH15M-26FEB241215-15 — exposure $37.05 would exceed $30.00 limit
[2m2026-02-24T17:06:57.765821Z[0m [32m INFO[0m [2mame_bot::market_maker[0m[2m:[0m [MM-OPP] KXETH15M-26FEB241215-15 spread=11¢ score=2200 (boost=10.0x, active 0s ago)
[2m2026-02-24T17:06:57.765858Z[0m [32m INFO[0m [2mame_bot::market_maker[0m[2m:[0m [MM] Skipping KXETH15M-26FEB241215-15 — exposure $31.80 would exceed $30.00 limit
[2m2026-02-24T17:06:57.765923Z[0m [32m INFO[0m [2mame_bot::market_maker[0m[2m:[0m [MM-OPP] KXEPLGAME-26MAR03BOUBRE-BRE spread=6¢ score=240 (boost=10.0x, active 0s ago)
[2m2026-02-24T17:06:57.765939Z[0m [32m INFO[0m [2mame_bot::market_maker[0m[2m:[0m [MM] Skipping KXEPLGAME-26MAR03BOUBRE-BRE — exposure $32.25 would exceed $30.00 limit
[2m2026-02-24T17:06:57.765953Z[0m [32m INFO[0m [2mame_bot::market_maker[0m[2m:[0m [MM-OPP] KXEPLGAME-26MAR03BOUBRE-BRE spread=6¢ score=240 (boost=10.0x, active 0s ago)
[2m2026-02-24T17:06:57.765965Z[0m [32m INFO[0m [2mame_bot::market_maker[0m[2m:[0m [MM] Skipping KXEPLGAME-26MAR03BOUBRE-BRE — exposure $37.05 would exceed $30.00 limit
[2m2026-02-24T17:06:59.767550Z[0m [32m INFO[0m [2mame_bot::market_maker[0m[2m:[0m [MM-OPP] KXETH15M-26FEB241215-15 spread=10¢ score=2000 (boost=10.0x, active 0s ago)
[2m2026-02-24T17:06:59.767665Z[0m [32m INFO[0m [2mame_bot::market_maker[0m[2m:[0m [MM] Skipping KXETH15M-26FEB241215-15 — exposure $37.20 would exceed $30.00 limit
[2m2026-02-24T17:06:59.767694Z[0m [32m INFO[0m [2mame_bot::market_maker[0m[2m:[0m [MM-OPP] KXETH15M-26FEB241215-15 spread=10¢ score=2000 (boost=10.0x, active 0s ago)
[2m2026-02-24T17:06:59.767712Z[0m [32m INFO[0m [2mame_bot::market_maker[0m[2m:[0m [MM] Skipping KXETH15M-26FEB241215-15 — exposure $31.80 would exceed $30.00 limit
[2m2026-02-24T17:06:59.767730Z[0m [32m INFO[0m [2mame_bot::market_maker[0m[2m:[0m [MM-OPP] KXBTC15M-26FEB241215-15 spread=5¢ score=1250 (boost=10.0x, active 0s ago)
[2m2026-02-24T17:06:59.767746Z[0m [32m INFO[0m [2mame_bot::market_maker[0m[2m:[0m [MM] Skipping KXBTC15M-26FEB241215-15 — exposure $37.35 would exceed $30.00 limit
[2m2026-02-24T17:06:59.767760Z[0m [32m INFO[0m [2mame_bot::market_maker[0m[2m:[0m [MM-OPP] KXBTC15M-26FEB241215-15 spread=5¢ score=1250 (boost=10.0x, active 0s ago)
[2m2026-02-24T17:06:59.767775Z[0m [32m INFO[0m [2mame_bot::market_maker[0m[2m:[0m [MM] Skipping KXBTC15M-26FEB241215-15 — exposure $32.10 would exceed $30.00 limit
[2m2026-02-24T17:06:59.767789Z[0m [32m INFO[0m [2mame_bot::market_maker[0m[2m:[0m [MM-OPP] KXEPLGAME-26MAR03BOUBRE-BRE spread=5¢ score=250 (boost=10.0x, active 1s ago)
[2m2026-02-24T17:06:59.767804Z[0m [32m INFO[0m [2mame_bot::market_maker[0m[2m:[0m [MM] Skipping KXEPLGAME-26MAR03BOUBRE-BRE — exposure $32.25 would exceed $30.00 limit
[2m2026-02-24T17:06:59.767819Z[0m [32m INFO[0m [2mame_bot::market_maker[0m[2m:[0m [MM-OPP] KXEPLGAME-26MAR03BOUBRE-BRE spread=5¢ score=250 (boost=10.0x, active 1s ago)
[2m2026-02-24T17:06:59.767833Z[0m [32m INFO[0m [2mame_bot::market_maker[0m[2m:[0m [MM] Skipping KXEPLGAME-26MAR03BOUBRE-BRE — exposure $37.20 would exceed $30.00 limit
[2m2026-02-24T17:07:01.766978Z[0m [32m INFO[0m [2mame_bot::market_maker[0m[2m:[0m [MM-OPP] KXNBATOTAL-26FEB24OKCTOR-232 spread=8¢ score=63360 (boost=10.0x, active 24s ago)
[2m2026-02-24T17:07:01.767063Z[0m [32m INFO[0m [2mame_bot::market_maker[0m[2m:[0m [MM] Skipping KXNBATOTAL-26FEB24OKCTOR-232 — exposure $39.30 would exceed $30.00 limit
[2m2026-02-24T17:07:01.767117Z[0m [32m INFO[0m [2mame_bot::market_maker[0m[2m:[0m [MM-OPP] KXNBATOTAL-26FEB24BOSPHX-214 spread=8¢ score=48000 (boost=10.0x, active 1s ago)
[2m2026-02-24T17:07:01.767137Z[0m [32m INFO[0m [2mame_bot::market_maker[0m[2m:[0m [MM] Skipping KXNBATOTAL-26FEB24BOSPHX-214 — exposure $31.80 would exceed $30.00 limit
[2m2026-02-24T17:07:01.767155Z[0m [32m INFO[0m [2mame_bot::market_maker[0m[2m:[0m [MM-OPP] KXNBATOTAL-26FEB24BOSPHX-214 spread=8¢ score=48000 (boost=10.0x, active 1s ago)
[2m2026-02-24T17:07:01.767171Z[0m [32m INFO[0m [2mame_bot::market_maker[0m[2m:[0m [MM] Skipping KXNBATOTAL-26FEB24BOSPHX-214 — exposure $37.20 would exceed $30.00 limit
[2m2026-02-24T17:07:01.767188Z[0m [32m INFO[0m [2mame_bot::market_maker[0m[2m:[0m [MM-OPP] KXNBATOTAL-26FEB24BOSPHX-220 spread=7¢ score=20370 (boost=10.0x, active 24s ago)
[2m2026-02-24T17:07:01.767226Z[0m [32m INFO[0m [2mame_bot::market_maker[0m[2m:[0m [MM] Skipping KXNBATOTAL-26FEB24BOSPHX-220 — exposure $30.45 would exceed $30.00 limit
[2m2026-02-24T17:07:01.767241Z[0m [32m INFO[0m [2mame_bot::market_maker[0m[2m:[0m [MM-OPP] KXNBATOTAL-26FEB24BOSPHX-220 spread=7¢ score=20370 (boost=10.0x, active 24s ago)
[2m2026-02-24T17:07:01.767252Z[0m [32m INFO[0m [2mame_bot::market_maker[0m[2m:[0m [MM] Skipping KXNBATOTAL-26FEB24BOSPHX-220 — exposure $38.70 would exceed $30.00 limit
[2m2026-02-24T17:07:01.767263Z[0m [32m INFO[0m [2mame_bot::market_maker[0m[2m:[0m [MM-OPP] KXEPLGAME-26MAR03BOUBRE-BRE spread=6¢ score=240 (boost=10.0x, active 1s ago)
[2m2026-02-24T17:07:01.767274Z[0m [32m INFO[0m [2mame_bot::market_maker[0m[2m:[0m [MM] Skipping KXEPLGAME-26MAR03BOUBRE-BRE — exposure $32.25 would exceed $30.00 limit
[2m2026-02-24T17:07:01.767286Z[0m [32m INFO[0m [2mame_bot::market_maker[0m[2m:[0m [MM-OPP] KXEPLGAME-26MAR03BOUBRE-BRE spread=6¢ score=240 (boost=10.0x, active 1s ago)
[2m2026-02-24T17:07:01.767297Z[0m [32m INFO[0m [2mame_bot::market_maker[0m[2m:[0m [MM] Skipping KXEPLGAME-26MAR03BOUBRE-BRE — exposure $37.05 would exceed $30.00 limit
[2m2026-02-24T17:07:03.767781Z[0m [32m INFO[0m [2mame_bot::market_maker[0m[2m:[0m [MM-OPP] KXNBATOTAL-26FEB24OKCTOR-232 spread=8¢ score=63360 (boost=10.0x, active 26s ago)
[2m2026-02-24T17:07:03.767878Z[0m [32m INFO[0m [2mame_bot::market_maker[0m[2m:[0m [MM] Skipping KXNBATOTAL-26FEB24OKCTOR-232 — exposure $39.30 would exceed $30.00 limit
[2m2026-02-24T17:07:03.767912Z[0m [32m INFO[0m [2mame_bot::market_maker[0m[2m:[0m [MM-OPP] KXNBATOTAL-26FEB24BOSPHX-214 spread=8¢ score=48000 (boost=10.0x, active 3s ago)
[2m2026-02-24T17:07:03.767929Z[0m [32m INFO[0m [2mame_bot::market_maker[0m[2m:[0m [MM] Skipping KXNBATOTAL-26FEB24BOSPHX-214 — exposure $31.80 would exceed $30.00 limit
[2m2026-02-24T17:07:03.767942Z[0m [32m INFO[0m [2mame_bot::market_maker[0m[2m:[0m [MM-OPP] KXNBATOTAL-26FEB24BOSPHX-214 spread=8¢ score=48000 (boost=10.0x, active 3s ago)
[2m2026-02-24T17:07:03.767955Z[0m [32m INFO[0m [2mame_bot::market_maker[0m[2m:[0m [MM] Skipping KXNBATOTAL-26FEB24BOSPHX-214 — exposure $37.20 would exceed $30.00 limit
[2m2026-02-24T17:07:03.767967Z[0m [32m INFO[0m [2mame_bot::market_maker[0m[2m:[0m [MM-OPP] KXNBATOTAL-26FEB24BOSPHX-220 spread=7¢ score=20370 (boost=10.0x, active 26s ago)
[2m2026-02-24T17:07:03.767977Z[0m [32m INFO[0m [2mame_bot::market_maker[0m[2m:[0m [MM] Skipping KXNBATOTAL-26FEB24BOSPHX-220 — exposure $30.45 would exceed $30.00 limit
[2m2026-02-24T17:07:03.767990Z[0m [32m INFO[0m [2mame_bot::market_maker[0m[2m:[0m [MM-OPP] KXNBATOTAL-26FEB24BOSPHX-220 spread=7¢ score=20370 (boost=10.0x, active 26s ago)
[2m2026-02-24T17:07:03.768001Z[0m [32m INFO[0m [2mame_bot::market_maker[0m[2m:[0m [MM] Skipping KXNBATOTAL-26FEB24BOSPHX-220 — exposure $38.70 would exceed $30.00 limit
[2m2026-02-24T17:07:03.768012Z[0m [32m INFO[0m [2mame_bot::market_maker[0m[2m:[0m [MM-OPP] KXEPLGAME-26MAR03BOUBRE-BRE spread=5¢ score=250 (boost=10.0x, active 1s ago)
[2m2026-02-24T17:07:03.768022Z[0m [32m INFO[0m [2mame_bot::market_maker[0m[2m:[0m [MM] Skipping KXEPLGAME-26MAR03BOUBRE-BRE — exposure $32.25 would exceed $30.00 limit
[2m2026-02-24T17:07:03.768034Z[0m [32m INFO[0m [2mame_bot::market_maker[0m[2m:[0m [MM-OPP] KXEPLGAME-26MAR03BOUBRE-BRE spread=5¢ score=250 (boost=10.0x, active 1s ago)
[2m2026-02-24T17:07:03.768044Z[0m [32m INFO[0m [2mame_bot::market_maker[0m[2m:[0m [MM] Skipping KXEPLGAME-26MAR03BOUBRE-BRE — exposure $37.20 would exceed $30.00 limit
