::1 - - [21/Feb/2026 14:10:26] code 400, message Bad request syntax ('\\x16\\x03\\x01\\x05梅\\x01\\x00\\x05贸\\x03\\x03')
::1 - - [21/Feb/2026 14:10:26] "\x16\x03\x01\x05梅\x01\x00\x05贸\x03\x03" 400 -
::1 - - [21/Feb/2026 14:10:26] code 400, message Bad request version ('\\x94!\\x92录脮\\x90\\x99虏贸鹿\\x00*脷脷\\x13\\x02\\x13\\x03\\x13\\x01脌,脌+脤漏脌0脌/脤篓脌')
::1 - - [21/Feb/2026 14:10:26] "\x16\x03\x01\x05梅\x01\x00\x05贸\x03\x03赂L2/u碌\x9b<\x97\x86脫?\x12\x15t貌\x0d\x07\x83陋\x16芦脽B\x87拢`&莽\x06\x14v 路脟V*2媒矛搂莽2脷\x06k脪掳|5B聽\x9f陇 \x94!\x92录脮\x90\x99虏贸鹿\x00*脷脷\x13\x02\x13\x03\x13\x01脌,脌+脤漏脌0脌/脤篓脌" 400 -
::1 - - [21/Feb/2026 14:10:26] code 400, message Bad request version ('F\\x89镁赂Y脵\\x13炉冒脗脥}=\\x00*\\x1a\\x1a\\x13\\x02\\x13\\x03\\x13\\x01脌,脌+脤漏脌0脌/脤篓脌')
::1 - - [21/Feb/2026 14:10:26] "\x16\x03\x01\x05梅\x01\x00\x05贸\x03\x03i麓麓\x04么脮卢脦忙驴D酶<\x93D'cX每\x97赂\x04n盲脼%.\x99X\x9b\x91T 莽C脨"\x8d貌a潞脼没N脙b\x9c"9D脰\x85F\x89镁赂Y脵\x13炉冒脗脥}=\x00*\x1a\x1a\x13\x02\x13\x03\x13\x01脌,脌+脤漏脌0脌/脤篓脌" 400 -
::1 - - [21/Feb/2026 14:10:26] code 400, message Bad request version ('脌脥茅\\x95\\x00*\\x1a\\x1a\\x13\\x02\\x13\\x03\\x13\\x01脌,脌+脤漏脌0脌/脤篓脌')
::1 - - [21/Feb/2026 14:10:26] "\x16\x03\x01\x05梅\x01\x00\x05贸\x03\x03\x81枚\x99-j\x1bt\x1f帽s`\x19芒W脪录脼N脦*脨]V猫K\x88>露:碌陇\x0c ~每9E#\x82C;\x8b篓:卢楼眉掳L\x0f'?\x1b7露茅茫?鲁 \x1c脌脥茅\x95\x00*\x1a\x1a\x13\x02\x13\x03\x13\x01脌,脌+脤漏脌0脌/脤篓脌" 400 -
::1 - - [21/Feb/2026 14:10:26] code 400, message Bad HTTP/0.9 request type ('\\x16\\x03\\x01\\x05梅\\x01\\x00\\x05贸\\x03\\x03鲁脝脭-\\x86露\\x07t\\x07\\x12\\x8c0Y)\\x12L')
::1 - - [21/Feb/2026 14:10:26] "\x16\x03\x01\x05梅\x01\x00\x05贸\x03\x03鲁脝脭-\x86露\x07t\x07\x12\x8c0Y)\x12L\x1d脪4脌t\x92" 400 -
::1 - - [21/Feb/2026 14:10:26] code 400, message Bad request version ('脧\\x95x碌脠\\x08T每P路m脨7[脙\\x00*\\x1a\\x1a\\x13\\x02\\x13\\x03\\x13\\x01脌,脌+脤漏脌0脌/脤篓脌')
::1 - - [21/Feb/2026 14:10:26] "\x16\x03\x01\x05梅\x01\x00\x05贸\x03\x03c\x8df\x9e漏垄V陋脌枚\\HJ{m:脜;v戮\x90\x0bU鹿+眉y\x83<U!\x0e c虏n\x12聽KF]\x95\x90\x1e茂\x1e9录脪\x85脧\x95x碌脠\x08T每P路m脨7[脙\x00*\x1a\x1a\x13\x02\x13\x03\x13\x01脌,脌+脤漏脌0脌/脤篓脌" 400 -
::1 - - [21/Feb/2026 14:10:26] code 400, message Bad request version ('>脻\\x9f\\x18漏玫贸脻\\x08氓`2\\x00*脢脢\\x13\\x02\\x13\\x03\\x13\\x01脌,脌+脤漏脌0脌/脤篓脌')
::1 - - [21/Feb/2026 14:10:26] "\x16\x03\x01\x05梅\x01\x00\x05贸\x03\x03t盲\x0b脽jB"\x04脴隆脹\x12脮\x9du>氓~\x17+搂脽;r脧F;卢\\<炉} 庐卢潞脥卯玫\x88锚掳脳娄卯楼篓隆眉\x1eC卤\x1c>脻\x9f\x18漏玫贸脻\x08氓`2\x00*脢脢\x13\x02\x13\x03\x13\x01脌,脌+脤漏脌0脌/脤篓脌" 400 -
::1 - - [21/Feb/2026 14:10:26] code 400, message Bad request version ('\\x9d锚芒脫*"Hi路脕\\x1a脗x掳Xj\\x8b搂7脴脪\\x92脗脮@芦q楼l陋\\\\氓\\x00*煤煤\\x13\\x02\\x13\\x03\\x13\\x01脌,脌+脤漏脌0脌/脤篓脌')
::1 - - [21/Feb/2026 14:10:26] "\x16\x03\x01\x05梅\x01\x00\x05贸\x03\x03脺氓陆\x8f篓陆)k脦\x1c\x7f梅漏@麓[脰\x7f\x8f\x8d矛氓*漏\x0c/:\x96\x9a/B\x82 \x9d锚芒脫*"Hi路脕\x1a脗x掳Xj\x8b搂7脴脪\x92脗脮@芦q楼l陋\\氓\x00*煤煤\x13\x02\x13\x03\x13\x01脌,脌+脤漏脌0脌/脤篓脌" 400 -
::1 - - [21/Feb/2026 14:11:24] "GET /dashboard.html HTTP/1.1" 200 -
::1 - - [21/Feb/2026 14:11:24] "GET /state/status.json?_=1771701084357 HTTP/1.1" 200 -
::1 - - [21/Feb/2026 14:11:24] "GET /state/opportunities.json?_=1771701084357 HTTP/1.1" 200 -
::1 - - [21/Feb/2026 14:11:24] code 404, message File not found
::1 - - [21/Feb/2026 14:11:24] "GET /favicon.ico HTTP/1.1" 404 -
::1 - - [21/Feb/2026 14:11:27] "GET /state/status.json?_=1771701087357 HTTP/1.1" 200 -
::1 - - [21/Feb/2026 14:11:27] "GET /state/opportunities.json?_=1771701087358 HTTP/1.1" 200 -
::1 - - [21/Feb/2026 14:11:30] "GET /state/status.json?_=1771701090358 HTTP/1.1" 200 -
::1 - - [21/Feb/2026 14:11:30] "GET /state/opportunities.json?_=1771701090358 HTTP/1.1" 200 -
::1 - - [21/Feb/2026 14:11:33] "GET /state/status.json?_=1771701093358 HTTP/1.1" 200 -
::1 - - [21/Feb/2026 14:11:33] "GET /state/opportunities.json?_=1771701093359 HTTP/1.1" 200 -
::1 - - [21/Feb/2026 14:11:36] "GET /state/status.json?_=1771701096359 HTTP/1.1" 200 -
::1 - - [21/Feb/2026 14:11:36] "GET /state/opportunities.json?_=1771701096359 HTTP/1.1" 200 -
::1 - - [21/Feb/2026 14:11:39] "GET /state/status.json?_=1771701099359 HTTP/1.1" 200 -
::1 - - [21/Feb/2026 14:11:39] "GET /state/opportunities.json?_=1771701099359 HTTP/1.1" 200 -
::1 - - [21/Feb/2026 14:11:42] "GET /state/status.json?_=1771701102360 HTTP/1.1" 200 -
::1 - - [21/Feb/2026 14:11:42] "GET /state/opportunities.json?_=1771701102360 HTTP/1.1" 200 -
::1 - - [21/Feb/2026 14:11:45] "GET /state/status.json?_=1771701105360 HTTP/1.1" 200 -
::1 - - [21/Feb/2026 14:11:45] "GET /state/opportunities.json?_=1771701105361 HTTP/1.1" 200 -
::1 - - [21/Feb/2026 14:11:48] "GET /state/status.json?_=1771701108361 HTTP/1.1" 200 -
::1 - - [21/Feb/2026 14:11:48] "GET /state/opportunities.json?_=1771701108362 HTTP/1.1" 200 -
::1 - - [21/Feb/2026 14:11:51] "GET /state/status.json?_=1771701111362 HTTP/1.1" 200 -
::1 - - [21/Feb/2026 14:11:51] "GET /state/opportunities.json?_=1771701111363 HTTP/1.1" 200 -
::1 - - [21/Feb/2026 14:11:54] "GET /state/status.json?_=1771701114363 HTTP/1.1" 200 -
::1 - - [21/Feb/2026 14:11:54] "GET /state/opportunities.json?_=1771701114363 HTTP/1.1" 200 -
::1 - - [21/Feb/2026 14:11:57] "GET /state/status.json?_=1771701117364 HTTP/1.1" 200 -
::1 - - [21/Feb/2026 14:11:57] "GET /state/opportunities.json?_=1771701117364 HTTP/1.1" 200 -
::1 - - [21/Feb/2026 14:12:00] "GET /state/status.json?_=1771701120364 HTTP/1.1" 200 -
::1 - - [21/Feb/2026 14:12:00] "GET /state/opportunities.json?_=1771701120365 HTTP/1.1" 200 -
::1 - - [21/Feb/2026 14:12:03] "GET /state/status.json?_=1771701123364 HTTP/1.1" 200 -
::1 - - [21/Feb/2026 14:12:03] "GET /state/opportunities.json?_=1771701123365 HTTP/1.1" 200 -
::1 - - [21/Feb/2026 14:12:06] "GET /state/status.json?_=1771701126364 HTTP/1.1" 200 -
::1 - - [21/Feb/2026 14:12:06] "GET /state/opportunities.json?_=1771701126365 HTTP/1.1" 200 -
::1 - - [21/Feb/2026 14:12:09] "GET /state/status.json?_=1771701129364 HTTP/1.1" 200 -
::1 - - [21/Feb/2026 14:12:09] "GET /state/opportunities.json?_=1771701129365 HTTP/1.1" 200 -
::1 - - [21/Feb/2026 14:12:12] "GET /state/status.json?_=1771701132365 HTTP/1.1" 200 -
::1 - - [21/Feb/2026 14:12:12] "GET /state/opportunities.json?_=1771701132365 HTTP/1.1" 200 -
::1 - - [21/Feb/2026 14:12:15] "GET /state/status.json?_=1771701135365 HTTP/1.1" 200 -
::1 - - [21/Feb/2026 14:12:15] "GET /state/opportunities.json?_=1771701135365 HTTP/1.1" 200 -
::1 - - [21/Feb/2026 14:12:18] "GET /state/status.json?_=1771701138365 HTTP/1.1" 200 -
::1 - - [21/Feb/2026 14:12:18] "GET /state/opportunities.json?_=1771701138365 HTTP/1.1" 200 -
::1 - - [21/Feb/2026 14:12:21] "GET /state/status.json?_=1771701141365 HTTP/1.1" 200 -
::1 - - [21/Feb/2026 14:12:21] "GET /state/opportunities.json?_=1771701141365 HTTP/1.1" 200 -
::1 - - [21/Feb/2026 14:12:24] "GET /state/status.json?_=1771701144365 HTTP/1.1" 200 -
::1 - - [21/Feb/2026 14:12:24] "GET /state/opportunities.json?_=1771701144365 HTTP/1.1" 200 -
::1 - - [21/Feb/2026 14:12:27] "GET /state/status.json?_=1771701147365 HTTP/1.1" 200 -
::1 - - [21/Feb/2026 14:12:27] "GET /state/opportunities.json?_=1771701147366 HTTP/1.1" 200 -
::1 - - [21/Feb/2026 14:12:30] "GET /state/status.json?_=1771701150365 HTTP/1.1" 200 -
::1 - - [21/Feb/2026 14:12:30] "GET /state/opportunities.json?_=1771701150366 HTTP/1.1" 200 -
::1 - - [21/Feb/2026 14:12:33] "GET /state/status.json?_=1771701153366 HTTP/1.1" 200 -
::1 - - [21/Feb/2026 14:12:33] "GET /state/opportunities.json?_=1771701153366 HTTP/1.1" 200 -
::1 - - [21/Feb/2026 14:12:36] "GET /state/status.json?_=1771701156366 HTTP/1.1" 200 -
::1 - - [21/Feb/2026 14:12:36] "GET /state/opportunities.json?_=1771701156366 HTTP/1.1" 200 -
::1 - - [21/Feb/2026 14:12:39] "GET /state/status.json?_=1771701159366 HTTP/1.1" 200 -
::1 - - [21/Feb/2026 14:12:39] "GET /state/opportunities.json?_=1771701159366 HTTP/1.1" 200 -
::1 - - [21/Feb/2026 14:12:42] "GET /state/status.json?_=1771701162366 HTTP/1.1" 200 -
::1 - - [21/Feb/2026 14:12:42] "GET /state/opportunities.json?_=1771701162367 HTTP/1.1" 200 -
::1 - - [21/Feb/2026 14:12:45] "GET /state/status.json?_=1771701165366 HTTP/1.1" 200 -
::1 - - [21/Feb/2026 14:12:45] "GET /state/opportunities.json?_=1771701165367 HTTP/1.1" 200 -
::1 - - [21/Feb/2026 14:12:48] "GET /state/status.json?_=1771701168367 HTTP/1.1" 200 -
::1 - - [21/Feb/2026 14:12:48] "GET /state/opportunities.json?_=1771701168367 HTTP/1.1" 200 -
::1 - - [21/Feb/2026 14:12:51] "GET /state/status.json?_=1771701171367 HTTP/1.1" 200 -
::1 - - [21/Feb/2026 14:12:51] "GET /state/opportunities.json?_=1771701171367 HTTP/1.1" 200 -
::1 - - [21/Feb/2026 14:12:54] "GET /state/status.json?_=1771701174367 HTTP/1.1" 200 -
::1 - - [21/Feb/2026 14:12:54] "GET /state/opportunities.json?_=1771701174367 HTTP/1.1" 200 -
::1 - - [21/Feb/2026 14:12:57] "GET /state/status.json?_=1771701177368 HTTP/1.1" 200 -
::1 - - [21/Feb/2026 14:12:57] "GET /state/opportunities.json?_=1771701177368 HTTP/1.1" 200 -
::1 - - [21/Feb/2026 14:13:00] "GET /state/status.json?_=1771701180368 HTTP/1.1" 200 -
::1 - - [21/Feb/2026 14:13:00] "GET /state/opportunities.json?_=1771701180368 HTTP/1.1" 200 -
::1 - - [21/Feb/2026 14:13:03] "GET /state/status.json?_=1771701183368 HTTP/1.1" 200 -
::1 - - [21/Feb/2026 14:13:03] "GET /state/opportunities.json?_=1771701183369 HTTP/1.1" 200 -
::1 - - [21/Feb/2026 14:13:06] "GET /state/status.json?_=1771701186369 HTTP/1.1" 200 -
::1 - - [21/Feb/2026 14:13:06] "GET /state/opportunities.json?_=1771701186369 HTTP/1.1" 200 -
::1 - - [21/Feb/2026 14:13:09] "GET /state/status.json?_=1771701189369 HTTP/1.1" 200 -
::1 - - [21/Feb/2026 14:13:09] "GET /state/opportunities.json?_=1771701189369 HTTP/1.1" 200 -
::1 - - [21/Feb/2026 14:13:12] "GET /state/status.json?_=1771701192369 HTTP/1.1" 200 -
::1 - - [21/Feb/2026 14:13:12] "GET /state/opportunities.json?_=1771701192370 HTTP/1.1" 200 -
::1 - - [21/Feb/2026 14:13:15] "GET /state/status.json?_=1771701195370 HTTP/1.1" 200 -
::1 - - [21/Feb/2026 14:13:15] "GET /state/opportunities.json?_=1771701195371 HTTP/1.1" 200 -
::1 - - [21/Feb/2026 14:13:18] "GET /state/status.json?_=1771701198371 HTTP/1.1" 200 -
::1 - - [21/Feb/2026 14:13:18] "GET /state/opportunities.json?_=1771701198371 HTTP/1.1" 200 -
::1 - - [21/Feb/2026 14:13:21] "GET /state/status.json?_=1771701201372 HTTP/1.1" 200 -
::1 - - [21/Feb/2026 14:13:21] "GET /state/opportunities.json?_=1771701201372 HTTP/1.1" 200 -
::1 - - [21/Feb/2026 14:13:24] "GET /state/status.json?_=1771701204372 HTTP/1.1" 200 -
::1 - - [21/Feb/2026 14:13:24] "GET /state/opportunities.json?_=1771701204373 HTTP/1.1" 200 -
