15:35:47 [MON] Bot dir: /Volumes/AI_Workspace/projects/ame-bot
15:35:47 [MON] State dir: /Volumes/AI_Workspace/projects/ame-bot/state
15:35:47 [MON] Telegram chat: 8289519270
15:35:47 [MON] Monitor started
15:35:48 [MON] Telegram: sent 70 chars
15:35:48 [MON] Telegram: sent 90 chars
15:36:20 [MON] Telegram: sent 25 chars
15:36:21 [MON] Telegram: sent 320 chars
15:40:32 [MON] Telegram: sent 89 chars
15:51:32 [MON] Telegram: sent 325 chars
15:52:34 [MON] Telegram: sent 25 chars
15:53:06 [MON] Telegram: sent 43 chars
15:53:07 [MON] Telegram: sent 326 chars
16:20:51 [MON] Telegram: sent 330 chars
17:29:56 [MON] Telegram: sent 329 chars
18:54:11 [MON] Telegram: sent 328 chars
19:00:28 [MON] Telegram: sent 71 chars
19:39:43 [MON] Telegram: sent 89 chars
19:42:20 [MON] Telegram: sent 25 chars
19:42:21 [MON] Telegram: sent 45 chars
19:47:04 [MON] Telegram: sent 43 chars
19:47:36 [MON] Telegram: sent 43 chars
19:51:47 [MON] Telegram: sent 43 chars
19:52:19 [MON] Telegram: sent 43 chars
20:54:05 [MON] Telegram: sent 43 chars
20:54:37 [MON] Telegram: sent 43 chars
20:57:46 [MON] Telegram: sent 329 chars
21:57:26 [MON] Telegram: sent 328 chars
22:13:39 [MON] Telegram: sent 89 chars
22:15:45 [MON] Telegram: sent 25 chars
22:15:45 [MON] Telegram: sent 43 chars
22:16:17 [MON] Telegram: sent 43 chars
04:33:08 [MON] Telegram: sent 329 chars
12:26:23 [MON] Telegram: sent 89 chars
12:27:59 [MON] Telegram: sent 25 chars
12:28:00 [MON] Telegram: sent 45 chars
13:07:53 [MON] Telegram: sent 43 chars
13:08:26 [MON] Telegram: sent 43 chars
13:12:08 [MON] Telegram: sent 43 chars
19:00:07 [MON] Telegram: sent 70 chars
20:00:50 [MON] Telegram: sent 43 chars
20:10:15 [MON] Telegram: sent 43 chars
20:10:47 [MON] Telegram: sent 43 chars
20:18:39 [MON] Telegram: sent 329 chars
00:19:26 [MON] Telegram: sent 328 chars
07:55:49 [MON] Telegram: sent 330 chars
19:00:23 [MON] Telegram: sent 73 chars
23:03:17 [MON] Telegram: sent 42 chars
23:03:49 [MON] Telegram: sent 42 chars
04:00:36 [MON] Telegram: sent 42 chars
04:01:08 [MON] Telegram: sent 42 chars
05:30:38 [MON] Telegram: sent 42 chars
05:31:10 [MON] Telegram: sent 42 chars
15:05:56 [MON] Telegram: sent 45 chars
15:13:17 [MON] Telegram: sent 89 chars
